[debug] [2023-01-13T03:16:22.606Z] ----------------------------------------------------------------------
[debug] [2023-01-13T03:16:22.608Z] Command:       C:\Program Files\nodejs\node.exe C:\Users\darsh\AppData\Roaming\npm\node_modules\firebase-tools\lib\bin\firebase.js init
[debug] [2023-01-13T03:16:22.609Z] CLI Version:   11.20.0
[debug] [2023-01-13T03:16:22.609Z] Platform:      win32
[debug] [2023-01-13T03:16:22.610Z] Node Version:  v18.12.0
[debug] [2023-01-13T03:16:22.611Z] Time:          Fri Jan 13 2023 08:46:22 GMT+0530 (India Standard Time)
[debug] [2023-01-13T03:16:22.612Z] ----------------------------------------------------------------------
[debug] 
[debug] [2023-01-13T03:16:22.719Z] > command requires scopes: ["email","openid","https://www.googleapis.com/auth/cloudplatformprojects.readonly","https://www.googleapis.com/auth/firebase","https://www.googleapis.com/auth/cloud-platform"]
[debug] [2023-01-13T03:16:22.720Z] > authorizing via signed-in user (1032200336@tcetmumbai.in)
[info] 
     ######## #### ########  ######## ########     ###     ######  ########
     ##        ##  ##     ## ##       ##     ##  ##   ##  ##       ##
     ######    ##  ########  ######   ########  #########  ######  ######
     ##        ##  ##    ##  ##       ##     ## ##     ##       ## ##
     ##       #### ##     ## ######## ########  ##     ##  ######  ########

You're about to initialize a Firebase project in this directory:

  C:\Darshan\crystal_concept

Before we get started, keep in mind:

  * You are currently outside your home directory
  * You are initializing within an existing Firebase project directory

[info] 
=== Project Setup
[info] 
[info] First, let's associate this project directory with a Firebase project.
[info] You can create multiple project aliases by running firebase use --add, 
[info] but for now we'll just set up a default project.
[info] 
[debug] [2023-01-13T03:16:29.011Z] Using project from CLI flag: crystal-concept-backend
[debug] [2023-01-13T03:16:29.014Z] > refreshing access token with scopes: []
[debug] [2023-01-13T03:16:29.017Z] >>> [apiv2][query] POST https://www.googleapis.com/oauth2/v3/token [none]
[debug] [2023-01-13T03:16:29.017Z] >>> [apiv2][body] POST https://www.googleapis.com/oauth2/v3/token [omitted]
[debug] [2023-01-13T03:16:29.547Z] <<< [apiv2][status] POST https://www.googleapis.com/oauth2/v3/token 200
[debug] [2023-01-13T03:16:29.547Z] <<< [apiv2][body] POST https://www.googleapis.com/oauth2/v3/token [omitted]
[debug] [2023-01-13T03:16:29.563Z] >>> [apiv2][query] GET https://firebase.googleapis.com/v1beta1/projects/crystal-concept-backend [none]
[debug] [2023-01-13T03:16:30.150Z] <<< [apiv2][status] GET https://firebase.googleapis.com/v1beta1/projects/crystal-concept-backend 200
[debug] [2023-01-13T03:16:30.150Z] <<< [apiv2][body] GET https://firebase.googleapis.com/v1beta1/projects/crystal-concept-backend {"projectId":"crystal-concept-backend","projectNumber":"143504773095","displayName":"crystal-concept-frontend","name":"projects/crystal-concept-backend","resources":{"hostingSite":"crystal-concept-backend"},"state":"ACTIVE","etag":"1_310da04a-e6de-49dd-91e7-9461cda3ba8d"}
[info] i  Using project crystal-concept-backend (crystal-concept-frontend) 
[info] 
=== Hosting Setup
[info] 
[info] Your public directory is the folder (relative to your project directory) that
[info] will contain Hosting assets to be uploaded with firebase deploy. If you
[info] have a build process for your assets, use your build's output directory.
[info] 
[debug] [2023-01-13T03:17:21.378Z] >>> [apiv2][query] GET https://www.gstatic.com/firebasejs/releases.json [none]
[debug] [2023-01-13T03:17:21.650Z] <<< [apiv2][status] GET https://www.gstatic.com/firebasejs/releases.json 200
[debug] [2023-01-13T03:17:21.650Z] <<< [apiv2][body] GET https://www.gstatic.com/firebasejs/releases.json {"current":{"version":"9.15.0","browserURL":"https://www.gstatic.com/firebasejs/9.15.0/firebase.js","packageURL":"https://www.gstatic.com/firebasejs/9.15.0/firebase.tgz"},"live":{"version":"9.15","browserURL":"https://www.gstatic.com/firebasejs/live/9.15/firebase.js","packageURL":"https://www.gstatic.com/firebasejs/live/9.15/firebase.tgz"},"components":{"analytics":"https://www.gstatic.com/firebasejs/9.15.0/firebase-analytics.js","app":"https://www.gstatic.com/firebasejs/9.15.0/firebase-app.js","app-check":"https://www.gstatic.com/firebasejs/9.15.0/firebase-app-check.js","auth":"https://www.gstatic.com/firebasejs/9.15.0/firebase-auth.js","auth/cordova":"https://www.gstatic.com/firebasejs/9.15.0/firebase-auth/cordova.js","auth/react-native":"https://www.gstatic.com/firebasejs/9.15.0/firebase-auth/react-native.js","functions":"https://www.gstatic.com/firebasejs/9.15.0/firebase-functions.js","firestore":"https://www.gstatic.com/firebasejs/9.15.0/firebase-firestore.js","firestore/lite":"https://www.gstatic.com/firebasejs/9.15.0/firebase-firestore/lite.js","installations":"https://www.gstatic.com/firebasejs/9.15.0/firebase-installations.js","storage":"https://www.gstatic.com/firebasejs/9.15.0/firebase-storage.js","performance":"https://www.gstatic.com/firebasejs/9.15.0/firebase-performance.js","remote-config":"https://www.gstatic.com/firebasejs/9.15.0/firebase-remote-config.js","messaging":"https://www.gstatic.com/firebasejs/9.15.0/firebase-messaging.js","messaging/sw":"https://www.gstatic.com/firebasejs/9.15.0/firebase-messaging/sw.js","database":"https://www.gstatic.com/firebasejs/9.15.0/firebase-database.js","firestore.memory":"https://www.gstatic.com/firebasejs/9.15.0/firebase-firestore.memory.js"}}
[info] +  Wrote build/index.html 
[info] 
[info] i  Detected a .git folder at C:\Darshan\crystal_concept 
[info] i  Authorizing with GitHub to upload your service account to a GitHub repository's secrets store. 
[info] 
[info] Visit this URL on this device to log in:
[info] https://github.com/login/oauth/authorize?client_id=89cf50f02ac6aaed3484&state=884478621&redirect_uri=http%3A%2F%2Flocalhost%3A9005&scope=read%3Auser%20repo%20public_repo
[info] 
[info] Waiting for authentication...
[debug] [2023-01-13T03:18:15.959Z] >>> [apiv2][query] POST https://github.com/login/oauth/access_token [none]
[debug] [2023-01-13T03:18:15.960Z] >>> [apiv2][body] POST https://github.com/login/oauth/access_token [stream]
[debug] [2023-01-13T03:18:16.542Z] <<< [apiv2][status] POST https://github.com/login/oauth/access_token 200
[debug] [2023-01-13T03:18:16.542Z] <<< [apiv2][body] POST https://github.com/login/oauth/access_token {"access_token":"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","token_type":"bearer","scope":"read:user,repo"}
[debug] [2023-01-13T03:18:16.578Z] >>> [apiv2][query] GET https://api.github.com/user [none]
[debug] [2023-01-13T03:18:17.058Z] <<< [apiv2][status] GET https://api.github.com/user 200
[debug] [2023-01-13T03:18:17.058Z] <<< [apiv2][body] GET https://api.github.com/user {"login":"darshan15062002","id":101007397,"node_id":"U_kgDOBgVAJQ","avatar_url":"https://avatars.githubusercontent.com/u/101007397?v=4","gravatar_id":"","url":"https://api.github.com/users/darshan15062002","html_url":"https://github.com/darshan15062002","followers_url":"https://api.github.com/users/darshan15062002/followers","following_url":"https://api.github.com/users/darshan15062002/following{/other_user}","gists_url":"https://api.github.com/users/darshan15062002/gists{/gist_id}","starred_url":"https://api.github.com/users/darshan15062002/starred{/owner}{/repo}","subscriptions_url":"https://api.github.com/users/darshan15062002/subscriptions","organizations_url":"https://api.github.com/users/darshan15062002/orgs","repos_url":"https://api.github.com/users/darshan15062002/repos","events_url":"https://api.github.com/users/darshan15062002/events{/privacy}","received_events_url":"https://api.github.com/users/darshan15062002/received_events","type":"User","site_admin":false,"name":"darshankumar chatrawat","company":"no","blog":"","location":null,"email":null,"hireable":null,"bio":null,"twitter_username":null,"public_repos":15,"public_gists":0,"followers":0,"following":0,"created_at":"2022-03-05T14:37:35Z","updated_at":"2023-01-05T13:20:15Z","private_gists":0,"total_private_repos":4,"owned_private_repos":4,"disk_usage":20411,"collaborators":0,"two_factor_authentication":false,"plan":{"name":"free","space":976562499,"collaborators":0,"private_repos":10000}}
[info] 
[info] +  Success! Logged into GitHub as darshan15062002 
[info] 
